D:\learning files\computer graphics\ucsd_class\proj1\OpenGL Project\Debug\cl.command.1.tlog
D:\learning files\computer graphics\ucsd_class\proj1\OpenGL Project\Debug\CL.read.1.tlog
D:\learning files\computer graphics\ucsd_class\proj1\OpenGL Project\Debug\CL.write.1.tlog
D:\learning files\computer graphics\ucsd_class\proj1\OpenGL Project\Debug\link.command.1.tlog
D:\learning files\computer graphics\ucsd_class\proj1\OpenGL Project\Debug\link.read.1.tlog
D:\learning files\computer graphics\ucsd_class\proj1\OpenGL Project\Debug\link.write.1.tlog
D:\learning files\computer graphics\ucsd_class\proj1\OpenGL Project\Debug\link-cvtres.read.1.tlog
D:\learning files\computer graphics\ucsd_class\proj1\OpenGL Project\Debug\link-cvtres.write.1.tlog
D:\LEARNING FILES\COMPUTER GRAPHICS\UCSD_CLASS\PROJ1\OPENGL PROJECT\DEBUG\MAIN.OBJ
D:\LEARNING FILES\COMPUTER GRAPHICS\UCSD_CLASS\PROJ1\OPENGL PROJECT\DEBUG\MATRIX.OBJ
D:\learning files\computer graphics\ucsd_class\proj1\OpenGL Project\Debug\mt.command.1.tlog
D:\learning files\computer graphics\ucsd_class\proj1\OpenGL Project\Debug\mt.read.1.tlog
D:\learning files\computer graphics\ucsd_class\proj1\OpenGL Project\Debug\mt.write.1.tlog
D:\LEARNING FILES\COMPUTER GRAPHICS\UCSD_CLASS\PROJ1\OPENGL PROJECT\DEBUG\OPENGL PROJECT.EXE
D:\LEARNING FILES\COMPUTER GRAPHICS\UCSD_CLASS\PROJ1\OPENGL PROJECT\DEBUG\OPENGL PROJECT.EXE.EMBED.MANIFEST
D:\LEARNING FILES\COMPUTER GRAPHICS\UCSD_CLASS\PROJ1\OPENGL PROJECT\DEBUG\OPENGL PROJECT.EXE.EMBED.MANIFEST.RES
D:\LEARNING FILES\COMPUTER GRAPHICS\UCSD_CLASS\PROJ1\OPENGL PROJECT\DEBUG\OPENGL PROJECT.EXE.INTERMEDIATE.MANIFEST
D:\LEARNING FILES\COMPUTER GRAPHICS\UCSD_CLASS\PROJ1\OPENGL PROJECT\DEBUG\OPENGL PROJECT.ILK
D:\LEARNING FILES\COMPUTER GRAPHICS\UCSD_CLASS\PROJ1\OPENGL PROJECT\DEBUG\OPENGL PROJECT.PDB
D:\learning files\computer graphics\ucsd_class\proj1\OpenGL Project\Debug\OpenGL Project_manifest.rc
D:\learning files\computer graphics\ucsd_class\proj1\OpenGL Project\Debug\rc.command.1.tlog
D:\learning files\computer graphics\ucsd_class\proj1\OpenGL Project\Debug\rc.read.1.tlog
D:\learning files\computer graphics\ucsd_class\proj1\OpenGL Project\Debug\rc.write.1.tlog
D:\LEARNING FILES\COMPUTER GRAPHICS\UCSD_CLASS\PROJ1\OPENGL PROJECT\DEBUG\U.EXE
D:\LEARNING FILES\COMPUTER GRAPHICS\UCSD_CLASS\PROJ1\OPENGL PROJECT\DEBUG\U.EXE.EMBED.MANIFEST
D:\LEARNING FILES\COMPUTER GRAPHICS\UCSD_CLASS\PROJ1\OPENGL PROJECT\DEBUG\U.EXE.EMBED.MANIFEST.RES
D:\LEARNING FILES\COMPUTER GRAPHICS\UCSD_CLASS\PROJ1\OPENGL PROJECT\DEBUG\U.EXE.INTERMEDIATE.MANIFEST
D:\LEARNING FILES\COMPUTER GRAPHICS\UCSD_CLASS\PROJ1\OPENGL PROJECT\DEBUG\U.ILK
D:\LEARNING FILES\COMPUTER GRAPHICS\UCSD_CLASS\PROJ1\OPENGL PROJECT\DEBUG\U.PDB
D:\learning files\computer graphics\ucsd_class\proj1\OpenGL Project\Debug\U_manifest.rc
D:\learning files\computer graphics\ucsd_class\proj1\OpenGL Project\Debug\vc100.idb
D:\LEARNING FILES\COMPUTER GRAPHICS\UCSD_CLASS\PROJ1\OPENGL PROJECT\DEBUG\VC100.PDB
D:\LEARNING FILES\COMPUTER GRAPHICS\UCSD_CLASS\PROJ1\OPENGL PROJECT\DEBUG\VECTOR.OBJ
